[2022-05-13 18:50:57] Storing files in experiments/Crnn_256_interpolate/lr0.0006_k3_nl2_2022-05-13_18-50-05_91fe3b1ed2aa11ecb642ac1f6b969524
[2022-05-13 18:50:57] data:
[2022-05-13 18:50:57]   class_indice_file: data256/metadata/class_label_indices.txt
[2022-05-13 18:50:57]   feature: data256/dev/feature.csv
[2022-05-13 18:50:57]   label: data256/dev/label.csv
[2022-05-13 18:50:57]   stratified: true
[2022-05-13 18:50:57] dataloader_args:
[2022-05-13 18:50:57]   batch_size: 32
[2022-05-13 18:50:57]   num_workers: 16
[2022-05-13 18:50:57] early_stop: 7
[2022-05-13 18:50:57] epochs: 100
[2022-05-13 18:50:57] loss: BceLoss
[2022-05-13 18:50:57] model:
[2022-05-13 18:50:57]   args:
[2022-05-13 18:50:57]     ks: 3
[2022-05-13 18:50:57]     nl: 2
[2022-05-13 18:50:57]   type: Crnn_256_interpolate
[2022-05-13 18:50:57] num_workers: 2
[2022-05-13 18:50:57] optimizer:
[2022-05-13 18:50:57]   args:
[2022-05-13 18:50:57]     lr: 0.0006
[2022-05-13 18:50:57]   type: AdamW
[2022-05-13 18:50:57] outputpath: experiments/
[2022-05-13 18:50:57] scheduler_args:
[2022-05-13 18:50:57]   factor: 0.1
[2022-05-13 18:50:57]   patience: 3
[2022-05-13 18:50:57] transforms:
[2022-05-13 18:50:57] - timemask
[2022-05-13 18:50:57] 
[2022-05-13 18:50:57] Running on device cuda
[2022-05-13 18:50:57] Transforms:
[2022-05-13 18:50:57] Sequential(
[2022-05-13 18:50:57]   (0): TimeMask()
[2022-05-13 18:50:57] )
[2022-05-13 18:51:03] AdamW (
[2022-05-13 18:51:03] Parameter Group 0
[2022-05-13 18:51:03]     amsgrad: False
[2022-05-13 18:51:03]     betas: (0.9, 0.999)
[2022-05-13 18:51:03]     eps: 1e-08
[2022-05-13 18:51:03]     lr: 0.0006
[2022-05-13 18:51:03]     maximize: False
[2022-05-13 18:51:03]     weight_decay: 0.01
[2022-05-13 18:51:03] )
[2022-05-13 18:51:03] Crnn_256_interpolate(
[2022-05-13 18:51:03]   (bn): BatchNorm2d(1, eps=1e-05, momentum=0.1, affine=True, track_running_stats=True)
[2022-05-13 18:51:03]   (conv_block1): ConvBlock(
[2022-05-13 18:51:03]     (conv): Conv2d(1, 16, kernel_size=(3, 3), stride=(1, 1), padding=(1, 1))
[2022-05-13 18:51:03]     (bn): BatchNorm2d(16, eps=1e-05, momentum=0.1, affine=True, track_running_stats=True)
[2022-05-13 18:51:03]     (relu): ReLU()
[2022-05-13 18:51:03]     (maxpool): MaxPool2d(kernel_size=2, stride=2, padding=0, dilation=1, ceil_mode=False)
[2022-05-13 18:51:03]   )
[2022-05-13 18:51:03]   (conv_block2): ConvBlock(
[2022-05-13 18:51:03]     (conv): Conv2d(16, 32, kernel_size=(3, 3), stride=(1, 1), padding=(1, 1))
[2022-05-13 18:51:03]     (bn): BatchNorm2d(32, eps=1e-05, momentum=0.1, affine=True, track_running_stats=True)
[2022-05-13 18:51:03]     (relu): ReLU()
[2022-05-13 18:51:03]     (maxpool): MaxPool2d(kernel_size=2, stride=2, padding=0, dilation=1, ceil_mode=False)
[2022-05-13 18:51:03]   )
[2022-05-13 18:51:03]   (conv_block3): ConvBlock(
[2022-05-13 18:51:03]     (conv): Conv2d(32, 64, kernel_size=(3, 3), stride=(1, 1), padding=(1, 1))
[2022-05-13 18:51:03]     (bn): BatchNorm2d(64, eps=1e-05, momentum=0.1, affine=True, track_running_stats=True)
[2022-05-13 18:51:03]     (relu): ReLU()
[2022-05-13 18:51:03]     (maxpool): MaxPool2d(kernel_size=2, stride=2, padding=0, dilation=1, ceil_mode=False)
[2022-05-13 18:51:03]   )
[2022-05-13 18:51:03]   (conv_block4): ConvBlock(
[2022-05-13 18:51:03]     (conv): Conv2d(64, 128, kernel_size=(3, 3), stride=(1, 1), padding=(1, 1))
[2022-05-13 18:51:03]     (bn): BatchNorm2d(128, eps=1e-05, momentum=0.1, affine=True, track_running_stats=True)
[2022-05-13 18:51:03]     (relu): ReLU()
[2022-05-13 18:51:03]     (maxpool): MaxPool2d(kernel_size=2, stride=2, padding=0, dilation=1, ceil_mode=False)
[2022-05-13 18:51:03]   )
[2022-05-13 18:51:03]   (conv_block5): ConvBlock(
[2022-05-13 18:51:03]     (conv): Conv2d(128, 256, kernel_size=(3, 3), stride=(1, 1), padding=(1, 1))
[2022-05-13 18:51:03]     (bn): BatchNorm2d(256, eps=1e-05, momentum=0.1, affine=True, track_running_stats=True)
[2022-05-13 18:51:03]     (relu): ReLU()
[2022-05-13 18:51:03]     (maxpool): MaxPool2d(kernel_size=2, stride=2, padding=0, dilation=1, ceil_mode=False)
[2022-05-13 18:51:03]   )
[2022-05-13 18:51:03]   (birnn): GRU(2048, 512, num_layers=2, batch_first=True, bidirectional=True)
[2022-05-13 18:51:03]   (fc): Linear(in_features=1024, out_features=10, bias=True)
[2022-05-13 18:51:03]   (sigmoid): Sigmoid()
[2022-05-13 18:51:03] )
[2022-05-13 18:51:10] Epoch 1   training_loss: 0.37  val_loss: 0.32  precision: 0.23  recall: 0.08  f1: 0.12
[2022-05-13 18:51:16] Epoch 2   training_loss: 0.30  val_loss: 0.28  precision: 0.50  recall: 0.33  f1: 0.38
[2022-05-13 18:51:23] Epoch 3   training_loss: 0.24  val_loss: 0.25  precision: 0.60  recall: 0.50  f1: 0.52
[2022-05-13 18:51:30] Epoch 4   training_loss: 0.21  val_loss: 0.25  precision: 0.57  recall: 0.48  f1: 0.47
[2022-05-13 18:51:36] Epoch 5   training_loss: 0.19  val_loss: 0.25  precision: 0.76  recall: 0.51  f1: 0.53
[2022-05-13 18:51:43] Epoch 6   training_loss: 0.17  val_loss: 0.22  precision: 0.81  recall: 0.58  f1: 0.61
[2022-05-13 18:51:50] Epoch 7   training_loss: 0.15  val_loss: 0.20  precision: 0.84  recall: 0.58  f1: 0.65
[2022-05-13 18:51:57] Epoch 8   training_loss: 0.14  val_loss: 0.21  precision: 0.73  recall: 0.65  f1: 0.67
[2022-05-13 18:52:03] Epoch 9   training_loss: 0.13  val_loss: 0.19  precision: 0.76  recall: 0.64  f1: 0.65
[2022-05-13 18:52:10] Epoch 10   training_loss: 0.12  val_loss: 0.20  precision: 0.80  recall: 0.65  f1: 0.67
[2022-05-13 18:52:16] Epoch 11   training_loss: 0.12  val_loss: 0.23  precision: 0.69  recall: 0.54  f1: 0.59
[2022-05-13 18:52:23] Epoch 12   training_loss: 0.11  val_loss: 0.19  precision: 0.77  recall: 0.67  f1: 0.70
[2022-05-13 18:52:29] Epoch 13   training_loss: 0.09  val_loss: 0.18  precision: 0.83  recall: 0.68  f1: 0.74
[2022-05-13 18:52:36] Epoch 14   training_loss: 0.08  val_loss: 0.25  precision: 0.70  recall: 0.60  f1: 0.62
[2022-05-13 18:52:42] Epoch 15   training_loss: 0.08  val_loss: 0.19  precision: 0.82  recall: 0.70  f1: 0.75
[2022-05-13 18:52:49] Epoch 16   training_loss: 0.07  val_loss: 0.22  precision: 0.79  recall: 0.66  f1: 0.68
[2022-05-13 18:52:55] Epoch 17   training_loss: 0.06  val_loss: 0.22  precision: 0.76  recall: 0.66  f1: 0.68
[2022-05-13 18:53:02] Epoch 18   training_loss: 0.04  val_loss: 0.19  precision: 0.81  recall: 0.73  f1: 0.76
[2022-05-13 18:53:09] Epoch 19   training_loss: 0.03  val_loss: 0.18  precision: 0.83  recall: 0.72  f1: 0.77
[2022-05-13 18:53:15] Epoch 20   training_loss: 0.03  val_loss: 0.17  precision: 0.84  recall: 0.72  f1: 0.76
[2022-05-13 18:53:22] Epoch 21   training_loss: 0.03  val_loss: 0.18  precision: 0.83  recall: 0.73  f1: 0.76
[2022-05-13 18:53:29] Epoch 22   training_loss: 0.03  val_loss: 0.18  precision: 0.80  recall: 0.72  f1: 0.74
[2022-05-13 18:53:35] Epoch 23   training_loss: 0.03  val_loss: 0.18  precision: 0.81  recall: 0.73  f1: 0.75
[2022-05-13 18:53:42] Epoch 24   training_loss: 0.03  val_loss: 0.18  precision: 0.81  recall: 0.73  f1: 0.75
[2022-05-13 18:53:48] Epoch 25   training_loss: 0.03  val_loss: 0.18  precision: 0.81  recall: 0.76  f1: 0.77
[2022-05-13 18:53:54] Epoch 26   training_loss: 0.02  val_loss: 0.18  precision: 0.80  recall: 0.74  f1: 0.76
[2022-05-13 18:54:01] Epoch 27   training_loss: 0.03  val_loss: 0.18  precision: 0.82  recall: 0.74  f1: 0.76
